<?xml version="1.0" encoding="UTF-8"?>
<!-- Generated by org.testng.reporters.JUnitReportReporter -->
<testsuite skipped="0" hostname="DESKTOP-C2KOF2B" name="various.TwiterTest" tests="1" failures="0" timestamp="2020-03-21T15:33:59 CDT" time="10.020" errors="0">
  <testcase name="UserShouldLogInTwitterAccount" time="10.020" classname="various.TwiterTest"/>
</testsuite> <!-- various.TwiterTest -->
