<?xml version="1.0" encoding="UTF-8"?>
<!-- Generated by org.testng.reporters.JUnitReportReporter -->
<testsuite skipped="0" hostname="DESKTOP-C2KOF2B" name="test.LoginTest" tests="1" failures="0" timestamp="2020-03-25T14:26:31 CDT" time="10.437" errors="0">
  <testcase name="ValidUserShoulBeAbleToLogIn" time="10.437" classname="test.LoginTest"/>
</testsuite> <!-- test.LoginTest -->
